<?xml version="1.0" encoding="UTF-8"?>
<!-- Generated by org.testng.reporters.JUnitXMLReporter -->
<testsuite ignored="1" hostname="root.local" failures="0" tests="5" name="Default test" time="6.287" errors="0" timestamp="2023-11-03T13:38:14 EDT">
  <testcase classname="api.test.DataDrivenTest" name="testDeletUserByName" time="3.563"/>
  <testcase classname="api.test.DataDrivenTest" name="testDeletUserByName" time="0.177"/>
  <testcase classname="api.test.DataDrivenTest" name="testDeletUserByName" time="0.161"/>
  <testcase classname="api.test.DataDrivenTest" name="testDeletUserByName" time="0.158"/>
  <testcase classname="api.test.DataDrivenTest" name="testDeletUserByName" time="0.169"/>
  <testcase classname="api.test.DataDrivenTest" name="testPostUser" time="0.0">
    <ignored/>
  </testcase> <!-- testPostUser -->
</testsuite> <!-- Default test -->
