<?xml version="1.0" encoding="UTF-8"?>
<!-- Generated by org.testng.reporters.JUnitXMLReporter -->
<testsuite ignored="0" hostname="root.local" failures="0" tests="10" name="Default test" time="4.756" errors="0" timestamp="2023-11-05T14:41:13 EST">
  <testcase classname="api.test.DataDrivenTest" name="testPostUser" time="1.821"/>
  <testcase classname="api.test.DataDrivenTest" name="testPostUser" time="0.154"/>
  <testcase classname="api.test.DataDrivenTest" name="testPostUser" time="0.145"/>
  <testcase classname="api.test.DataDrivenTest" name="testPostUser" time="0.142"/>
  <testcase classname="api.test.DataDrivenTest" name="testPostUser" time="0.138"/>
  <testcase classname="api.test.DataDrivenTest" name="testDeletUserByName" time="0.155"/>
  <testcase classname="api.test.DataDrivenTest" name="testDeletUserByName" time="0.138"/>
  <testcase classname="api.test.DataDrivenTest" name="testDeletUserByName" time="0.149"/>
  <testcase classname="api.test.DataDrivenTest" name="testDeletUserByName" time="0.138"/>
  <testcase classname="api.test.DataDrivenTest" name="testDeletUserByName" time="0.135"/>
</testsuite> <!-- Default test -->
