<?xml version="1.0" encoding="UTF-8"?>
<testng-results ignored="0" total="5" passed="5" failed="0" skipped="0">
  <reporter-output>
  </reporter-output>
  <suite started-at="2023-11-03T13:38:02 EDT" name="Default suite" finished-at="2023-11-03T13:38:09 EDT" duration-ms="6287">
    <groups>
    </groups>
    <test started-at="2023-11-03T13:38:02 EDT" name="Default test" finished-at="2023-11-03T13:38:09 EDT" duration-ms="6287">
      <class name="api.test.DataDrivenTest">
        <test-method signature="testDeletUserByName(java.lang.String)[pri:2, instance:api.test.DataDrivenTest@209da20d]" started-at="2023-11-03T13:38:04 EDT" name="testDeletUserByName" data-provider="userNames" finished-at="2023-11-03T13:38:08 EDT" duration-ms="3563" status="PASS">
          <params>
            <param index="0">
              <value>
                <![CDATA[testUser1]]>
              </value>
            </param>
          </params>
          <reporter-output>
          </reporter-output>
        </test-method> <!-- testDeletUserByName -->
        <test-method signature="testDeletUserByName(java.lang.String)[pri:2, instance:api.test.DataDrivenTest@209da20d]" started-at="2023-11-03T13:38:08 EDT" name="testDeletUserByName" data-provider="userNames" finished-at="2023-11-03T13:38:08 EDT" duration-ms="177" status="PASS">
          <params>
            <param index="0">
              <value>
                <![CDATA[testUser2]]>
              </value>
            </param>
          </params>
          <reporter-output>
          </reporter-output>
        </test-method> <!-- testDeletUserByName -->
        <test-method signature="testDeletUserByName(java.lang.String)[pri:2, instance:api.test.DataDrivenTest@209da20d]" started-at="2023-11-03T13:38:08 EDT" name="testDeletUserByName" data-provider="userNames" finished-at="2023-11-03T13:38:08 EDT" duration-ms="161" status="PASS">
          <params>
            <param index="0">
              <value>
                <![CDATA[testUser3]]>
              </value>
            </param>
          </params>
          <reporter-output>
          </reporter-output>
        </test-method> <!-- testDeletUserByName -->
        <test-method signature="testDeletUserByName(java.lang.String)[pri:2, instance:api.test.DataDrivenTest@209da20d]" started-at="2023-11-03T13:38:08 EDT" name="testDeletUserByName" data-provider="userNames" finished-at="2023-11-03T13:38:08 EDT" duration-ms="158" status="PASS">
          <params>
            <param index="0">
              <value>
                <![CDATA[testUser4]]>
              </value>
            </param>
          </params>
          <reporter-output>
          </reporter-output>
        </test-method> <!-- testDeletUserByName -->
        <test-method signature="testDeletUserByName(java.lang.String)[pri:2, instance:api.test.DataDrivenTest@209da20d]" started-at="2023-11-03T13:38:08 EDT" name="testDeletUserByName" data-provider="userNames" finished-at="2023-11-03T13:38:09 EDT" duration-ms="169" status="PASS">
          <params>
            <param index="0">
              <value>
                <![CDATA[testUser5]]>
              </value>
            </param>
          </params>
          <reporter-output>
          </reporter-output>
        </test-method> <!-- testDeletUserByName -->
      </class> <!-- api.test.DataDrivenTest -->
    </test> <!-- Default test -->
  </suite> <!-- Default suite -->
</testng-results>
