<?xml version="1.0" encoding="UTF-8"?>
<testng-results ignored="0" total="4" passed="4" failed="0" skipped="0">
  <reporter-output>
  </reporter-output>
  <suite started-at="2023-11-06T03:32:36 EST" name="PetSuite" finished-at="2023-11-06T03:32:45 EST" duration-ms="8974">
    <groups>
    </groups>
    <test started-at="2023-11-06T03:32:36 EST" name="PetSuite" finished-at="2023-11-06T03:32:45 EST" duration-ms="8974">
      <class name="api.test.UserTests">
        <test-method is-config="true" signature="setupData()[pri:0, instance:api.test.UserTests@58cbafc2]" started-at="2023-11-06T03:32:36 EST" name="setupData" finished-at="2023-11-06T03:32:42 EST" duration-ms="5635" status="PASS">
          <reporter-output>
          </reporter-output>
        </test-method> <!-- setupData -->
        <test-method signature="testPostUser()[pri:1, instance:api.test.UserTests@58cbafc2]" started-at="2023-11-06T03:32:42 EST" name="testPostUser" finished-at="2023-11-06T03:32:44 EST" duration-ms="2041" status="PASS">
          <reporter-output>
          </reporter-output>
        </test-method> <!-- testPostUser -->
        <test-method signature="testGetUserByname()[pri:2, instance:api.test.UserTests@58cbafc2]" started-at="2023-11-06T03:32:44 EST" name="testGetUserByname" finished-at="2023-11-06T03:32:44 EST" duration-ms="173" status="PASS">
          <reporter-output>
          </reporter-output>
        </test-method> <!-- testGetUserByname -->
        <test-method signature="updatUserByNBame()[pri:3, instance:api.test.UserTests@58cbafc2]" started-at="2023-11-06T03:32:44 EST" name="updatUserByNBame" finished-at="2023-11-06T03:32:44 EST" duration-ms="290" status="PASS">
          <reporter-output>
          </reporter-output>
        </test-method> <!-- updatUserByNBame -->
        <test-method signature="testDeleteUserByName()[pri:4, instance:api.test.UserTests@58cbafc2]" started-at="2023-11-06T03:32:44 EST" name="testDeleteUserByName" finished-at="2023-11-06T03:32:45 EST" duration-ms="145" status="PASS">
          <reporter-output>
          </reporter-output>
        </test-method> <!-- testDeleteUserByName -->
      </class> <!-- api.test.UserTests -->
    </test> <!-- PetSuite -->
  </suite> <!-- PetSuite -->
</testng-results>
