<?xml version="1.0" encoding="UTF-8"?>
<!-- Generated by org.testng.reporters.JUnitXMLReporter -->
<testsuite ignored="0" hostname="root.local" failures="0" tests="4" name="PetSuite" time="8.974" errors="0" timestamp="2023-11-06T03:32:45 EST">
  <testcase classname="api.test.UserTests" name="testPostUser" time="2.041"/>
  <testcase classname="api.test.UserTests" name="testGetUserByname" time="0.173"/>
  <testcase classname="api.test.UserTests" name="updatUserByNBame" time="0.29"/>
  <testcase classname="api.test.UserTests" name="testDeleteUserByName" time="0.145"/>
</testsuite> <!-- PetSuite -->
