<?xml version="1.0" encoding="UTF-8"?>
<!-- Generated by org.testng.reporters.JUnitXMLReporter -->
<testsuite ignored="0" hostname="root.local" failures="4" tests="4" name="PetSuite" time="6.26" errors="0" timestamp="2023-11-07T03:48:04 EST">
  <testcase classname="api.test.UserTests_UsingPropertiesFile" name="testPostUser" time="0.008">
    <failure type="java.util.MissingResourceException" message="Can&amp;apos;t find bundle for base name routes, locale en_US">
      <![CDATA[java.util.MissingResourceException: Can't find bundle for base name routes, locale en_US
at java.base/java.util.ResourceBundle.throwMissingResourceException(ResourceBundle.java:2045)
at java.base/java.util.ResourceBundle.getBundleImpl(ResourceBundle.java:1683)
at java.base/java.util.ResourceBundle.getBundleImpl(ResourceBundle.java:1586)
at java.base/java.util.ResourceBundle.getBundleImpl(ResourceBundle.java:1549)
at java.base/java.util.ResourceBundle.getBundle(ResourceBundle.java:858)
at api.endpoints.UserEndPoints_UsingPropertiesFile.getURL(UserEndPoints_UsingPropertiesFile.java:15)
at api.endpoints.UserEndPoints_UsingPropertiesFile.createUser(UserEndPoints_UsingPropertiesFile.java:21)
at api.test.UserTests_UsingPropertiesFile.testPostUser(UserTests_UsingPropertiesFile.java:43)
at java.base/java.util.ArrayList.forEach(ArrayList.java:1511)
... Removed 27 stack frames]]>
    </failure>
  </testcase> <!-- testPostUser -->
  <testcase classname="api.test.UserTests_UsingPropertiesFile" name="testGetUserByname" time="0.001">
    <failure type="java.util.MissingResourceException" message="Can&amp;apos;t find bundle for base name routes, locale en_US">
      <![CDATA[java.util.MissingResourceException: Can't find bundle for base name routes, locale en_US
at java.base/java.util.ResourceBundle.throwMissingResourceException(ResourceBundle.java:2045)
at java.base/java.util.ResourceBundle.getBundleImpl(ResourceBundle.java:1683)
at java.base/java.util.ResourceBundle.getBundleImpl(ResourceBundle.java:1586)
at java.base/java.util.ResourceBundle.getBundleImpl(ResourceBundle.java:1549)
at java.base/java.util.ResourceBundle.getBundle(ResourceBundle.java:858)
at api.endpoints.UserEndPoints_UsingPropertiesFile.getURL(UserEndPoints_UsingPropertiesFile.java:15)
at api.endpoints.UserEndPoints_UsingPropertiesFile.readUser(UserEndPoints_UsingPropertiesFile.java:28)
at api.test.UserTests_UsingPropertiesFile.testGetUserByname(UserTests_UsingPropertiesFile.java:54)
at java.base/java.util.ArrayList.forEach(ArrayList.java:1511)
... Removed 27 stack frames]]>
    </failure>
  </testcase> <!-- testGetUserByname -->
  <testcase classname="api.test.UserTests_UsingPropertiesFile" name="updatUserByNBame" time="0.002">
    <failure type="java.util.MissingResourceException" message="Can&amp;apos;t find bundle for base name routes, locale en_US">
      <![CDATA[java.util.MissingResourceException: Can't find bundle for base name routes, locale en_US
at java.base/java.util.ResourceBundle.throwMissingResourceException(ResourceBundle.java:2045)
at java.base/java.util.ResourceBundle.getBundleImpl(ResourceBundle.java:1683)
at java.base/java.util.ResourceBundle.getBundleImpl(ResourceBundle.java:1586)
at java.base/java.util.ResourceBundle.getBundleImpl(ResourceBundle.java:1549)
at java.base/java.util.ResourceBundle.getBundle(ResourceBundle.java:858)
at api.endpoints.UserEndPoints_UsingPropertiesFile.getURL(UserEndPoints_UsingPropertiesFile.java:15)
at api.endpoints.UserEndPoints_UsingPropertiesFile.updateUser(UserEndPoints_UsingPropertiesFile.java:36)
at api.test.UserTests_UsingPropertiesFile.updatUserByNBame(UserTests_UsingPropertiesFile.java:71)
at java.base/java.util.ArrayList.forEach(ArrayList.java:1511)
... Removed 27 stack frames]]>
    </failure>
  </testcase> <!-- updatUserByNBame -->
  <testcase classname="api.test.UserTests_UsingPropertiesFile" name="testDeleteUserByName" time="0.001">
    <failure type="java.util.MissingResourceException" message="Can&amp;apos;t find bundle for base name routes, locale en_US">
      <![CDATA[java.util.MissingResourceException: Can't find bundle for base name routes, locale en_US
at java.base/java.util.ResourceBundle.throwMissingResourceException(ResourceBundle.java:2045)
at java.base/java.util.ResourceBundle.getBundleImpl(ResourceBundle.java:1683)
at java.base/java.util.ResourceBundle.getBundleImpl(ResourceBundle.java:1586)
at java.base/java.util.ResourceBundle.getBundleImpl(ResourceBundle.java:1549)
at java.base/java.util.ResourceBundle.getBundle(ResourceBundle.java:858)
at api.endpoints.UserEndPoints_UsingPropertiesFile.getURL(UserEndPoints_UsingPropertiesFile.java:15)
at api.endpoints.UserEndPoints_UsingPropertiesFile.deleteUser(UserEndPoints_UsingPropertiesFile.java:45)
at api.test.UserTests_UsingPropertiesFile.testDeleteUserByName(UserTests_UsingPropertiesFile.java:88)
at java.base/java.util.ArrayList.forEach(ArrayList.java:1511)
... Removed 27 stack frames]]>
    </failure>
  </testcase> <!-- testDeleteUserByName -->
</testsuite> <!-- PetSuite -->
