<?xml version="1.0" encoding="UTF-8"?>
<!-- Generated by org.testng.reporters.JUnitXMLReporter -->
<testsuite ignored="0" hostname="root.local" failures="0" tests="4" name="Test" time="8.506" errors="0" timestamp="2023-11-08T11:42:37 EST">
  <testcase classname="api.test.UserTests" name="testPostUser" time="1.585"/>
  <testcase classname="api.test.UserTests" name="testGetUserByname" time="0.187"/>
  <testcase classname="api.test.UserTests" name="updatUserByNBame" time="0.31"/>
  <testcase classname="api.test.UserTests" name="testDeleteUserByName" time="0.152"/>
</testsuite> <!-- Test -->
