<?xml version="1.0" encoding="UTF-8"?>
<!-- Generated by org.testng.reporters.JUnitXMLReporter -->
<testsuite ignored="0" hostname="root.local" failures="0" tests="4" name="Test" time="3.019" errors="0" timestamp="2023-11-05T14:15:24 EST">
  <testcase classname="api.test.UserTests" name="testPostUser" time="2.106"/>
  <testcase classname="api.test.UserTests" name="testGetUserByname" time="0.177"/>
  <testcase classname="api.test.UserTests" name="updatUserByNBame" time="0.307"/>
  <testcase classname="api.test.UserTests" name="testDeleteUserByName" time="0.138"/>
</testsuite> <!-- Test -->
